Conversion run started at 2026-05-14 00:07:15
Working directory: /home/gpca/daltoolbox

================================================================================
[2026-05-14 00:08:17] rmd->docx
file: Rmd/clustering/01-partitional-kmeans.Rmd
message: only implemented for resamples objects
call: cluster.default(model, x)
stack:
001: source("~/daltoolbox/Rmd/conversor.R")
002: withVisible(eval(ei, envir))
003: eval(ei, envir)
004: eval(ei, envir)
005: run_phase(texs, "rmd->docx", convert_rmd_docx)
006: tryCatch({     converter(input)     list(ok = TRUE, input = input, phase = phase, message = NULL) }, error = function(err) {     record_condition(phase, input, err)     list(ok = FALSE, input = input, phase = phase, message = conditionMessage(err)) })
007: tryCatchList(expr, classes, parentenv, handlers)
008: tryCatchOne(expr, names, parentenv, handlers[[1L]])
009: value[[3L]](cond)
010: record_condition(phase, input, err)

================================================================================
[2026-05-14 00:08:17] rmd->docx
file: Rmd/clustering/02-medoid-pam.Rmd
message: only implemented for resamples objects
call: cluster.default(model, x)
stack:
001: source("~/daltoolbox/Rmd/conversor.R")
002: withVisible(eval(ei, envir))
003: eval(ei, envir)
004: eval(ei, envir)
005: run_phase(texs, "rmd->docx", convert_rmd_docx)
006: tryCatch({     converter(input)     list(ok = TRUE, input = input, phase = phase, message = NULL) }, error = function(err) {     record_condition(phase, input, err)     list(ok = FALSE, input = input, phase = phase, message = conditionMessage(err)) })
007: tryCatchList(expr, classes, parentenv, handlers)
008: tryCatchOne(expr, names, parentenv, handlers[[1L]])
009: value[[3L]](cond)
010: record_condition(phase, input, err)

================================================================================
[2026-05-14 00:08:17] rmd->docx
file: Rmd/clustering/10-density-dbscan.Rmd
message: only implemented for resamples objects
call: cluster.default(model, x)
stack:
001: source("~/daltoolbox/Rmd/conversor.R")
002: withVisible(eval(ei, envir))
003: eval(ei, envir)
004: eval(ei, envir)
005: run_phase(texs, "rmd->docx", convert_rmd_docx)
006: tryCatch({     converter(input)     list(ok = TRUE, input = input, phase = phase, message = NULL) }, error = function(err) {     record_condition(phase, input, err)     list(ok = FALSE, input = input, phase = phase, message = conditionMessage(err)) })
007: tryCatchList(expr, classes, parentenv, handlers)
008: tryCatchOne(expr, names, parentenv, handlers[[1L]])
009: value[[3L]](cond)
010: record_condition(phase, input, err)

================================================================================
[2026-05-14 00:08:17] rmd->docx
file: Rmd/clustering/11-fuzzy-cmeans.Rmd
message: only implemented for resamples objects
call: cluster.default(model, x)
stack:
001: source("~/daltoolbox/Rmd/conversor.R")
002: withVisible(eval(ei, envir))
003: eval(ei, envir)
004: eval(ei, envir)
005: run_phase(texs, "rmd->docx", convert_rmd_docx)
006: tryCatch({     converter(input)     list(ok = TRUE, input = input, phase = phase, message = NULL) }, error = function(err) {     record_condition(phase, input, err)     list(ok = FALSE, input = input, phase = phase, message = conditionMessage(err)) })
007: tryCatchList(expr, classes, parentenv, handlers)
008: tryCatchOne(expr, names, parentenv, handlers[[1L]])
009: value[[3L]](cond)
010: record_condition(phase, input, err)

================================================================================
[2026-05-14 00:08:17] rmd->docx
file: Rmd/clustering/12-model-based-gmm.Rmd
message: only implemented for resamples objects
call: cluster.default(model, x)
stack:
001: source("~/daltoolbox/Rmd/conversor.R")
002: withVisible(eval(ei, envir))
003: eval(ei, envir)
004: eval(ei, envir)
005: run_phase(texs, "rmd->docx", convert_rmd_docx)
006: tryCatch({     converter(input)     list(ok = TRUE, input = input, phase = phase, message = NULL) }, error = function(err) {     record_condition(phase, input, err)     list(ok = FALSE, input = input, phase = phase, message = conditionMessage(err)) })
007: tryCatchList(expr, classes, parentenv, handlers)
008: tryCatchOne(expr, names, parentenv, handlers[[1L]])
009: value[[3L]](cond)
010: record_condition(phase, input, err)

================================================================================
[2026-05-14 00:08:17] rmd->docx
file: Rmd/clustering/13-hierarchical-hclust.Rmd
message: only implemented for resamples objects
call: cluster.default(model, x)
stack:
001: source("~/daltoolbox/Rmd/conversor.R")
002: withVisible(eval(ei, envir))
003: eval(ei, envir)
004: eval(ei, envir)
005: run_phase(texs, "rmd->docx", convert_rmd_docx)
006: tryCatch({     converter(input)     list(ok = TRUE, input = input, phase = phase, message = NULL) }, error = function(err) {     record_condition(phase, input, err)     list(ok = FALSE, input = input, phase = phase, message = conditionMessage(err)) })
007: tryCatchList(expr, classes, parentenv, handlers)
008: tryCatchOne(expr, names, parentenv, handlers[[1L]])
009: value[[3L]](cond)
010: record_condition(phase, input, err)

================================================================================
[2026-05-14 00:08:18] rmd->docx
file: Rmd/clustering/14-graph-louvain.Rmd
message: only implemented for resamples objects
call: cluster.default(model, g)
stack:
001: source("~/daltoolbox/Rmd/conversor.R")
002: withVisible(eval(ei, envir))
003: eval(ei, envir)
004: eval(ei, envir)
005: run_phase(texs, "rmd->docx", convert_rmd_docx)
006: tryCatch({     converter(input)     list(ok = TRUE, input = input, phase = phase, message = NULL) }, error = function(err) {     record_condition(phase, input, err)     list(ok = FALSE, input = input, phase = phase, message = conditionMessage(err)) })
007: tryCatchList(expr, classes, parentenv, handlers)
008: tryCatchOne(expr, names, parentenv, handlers[[1L]])
009: value[[3L]](cond)
010: record_condition(phase, input, err)

================================================================================
[2026-05-14 00:08:18] rmd->docx
file: Rmd/clustering/19-custom-evaluation.Rmd
message: only implemented for resamples objects
call: cluster.default(model_default, x)
stack:
001: source("~/daltoolbox/Rmd/conversor.R")
002: withVisible(eval(ei, envir))
003: eval(ei, envir)
004: eval(ei, envir)
005: run_phase(texs, "rmd->docx", convert_rmd_docx)
006: tryCatch({     converter(input)     list(ok = TRUE, input = input, phase = phase, message = NULL) }, error = function(err) {     record_condition(phase, input, err)     list(ok = FALSE, input = input, phase = phase, message = conditionMessage(err)) })
007: tryCatchList(expr, classes, parentenv, handlers)
008: tryCatchOne(expr, names, parentenv, handlers[[1L]])
009: value[[3L]](cond)
010: record_condition(phase, input, err)

================================================================================
[2026-05-14 00:08:18] rmd->docx
file: Rmd/clustering/20-model-selection-tuning.Rmd
message: only implemented for resamples objects
call: cluster.default(model, x)
stack:
001: source("~/daltoolbox/Rmd/conversor.R")
002: withVisible(eval(ei, envir))
003: eval(ei, envir)
004: eval(ei, envir)
005: run_phase(texs, "rmd->docx", convert_rmd_docx)
006: tryCatch({     converter(input)     list(ok = TRUE, input = input, phase = phase, message = NULL) }, error = function(err) {     record_condition(phase, input, err)     list(ok = FALSE, input = input, phase = phase, message = conditionMessage(err)) })
007: tryCatchList(expr, classes, parentenv, handlers)
008: tryCatchOne(expr, names, parentenv, handlers[[1L]])
009: value[[3L]](cond)
010: record_condition(phase, input, err)

================================================================================
[2026-05-14 00:08:50] rmd->docx
file: Rmd/graphics/27-relationship-dendrogram.Rmd
message: no applicable method for 'plot_dendrogram' applied to an object of class "hclust"
call: UseMethod("plot_dendrogram")
stack:
001: source("~/daltoolbox/Rmd/conversor.R")
002: withVisible(eval(ei, envir))
003: eval(ei, envir)
004: eval(ei, envir)
005: run_phase(texs, "rmd->docx", convert_rmd_docx)
006: tryCatch({     converter(input)     list(ok = TRUE, input = input, phase = phase, message = NULL) }, error = function(err) {     record_condition(phase, input, err)     list(ok = FALSE, input = input, phase = phase, message = conditionMessage(err)) })
007: tryCatchList(expr, classes, parentenv, handlers)
008: tryCatchOne(expr, names, parentenv, handlers[[1L]])
009: value[[3L]](cond)
010: record_condition(phase, input, err)

================================================================================
[2026-05-14 00:09:25] rmd->docx
file: Rmd/tutorial/22-clustering-workflow.Rmd
message: only implemented for resamples objects
call: cluster.default(model, x)
stack:
001: source("~/daltoolbox/Rmd/conversor.R")
002: withVisible(eval(ei, envir))
003: eval(ei, envir)
004: eval(ei, envir)
005: run_phase(texs, "rmd->docx", convert_rmd_docx)
006: tryCatch({     converter(input)     list(ok = TRUE, input = input, phase = phase, message = NULL) }, error = function(err) {     record_condition(phase, input, err)     list(ok = FALSE, input = input, phase = phase, message = conditionMessage(err)) })
007: tryCatchList(expr, classes, parentenv, handlers)
008: tryCatchOne(expr, names, parentenv, handlers[[1L]])
009: value[[3L]](cond)
010: record_condition(phase, input, err)
